DEBUG: Script starting...
DEBUG: Script starting...
DEBUG: Received message: {'text': 'Simulated input from Chrome', 'url': 'https://example.com', 'imageSrc': 'https://example.com/image.png'}
DEBUG: Using text from Chrome: Simulated input from Chrome
DEBUG: Image source: https://example.com/image.png
DEBUG: Showing inputbox for second column
DEBUG: Second value: , Checkbox: False, New edit: 
DEBUG: Saving to ODS: text=Simulated input from Chrome, second=, date=02.06.2025, url=https://example.com, checkbox=False, image_src=https://example.com/image.png
DEBUG: Successfully saved to ODS
DEBUG: Sending response to Chrome
DEBUG: Response sent successfully
DEBUG: Script completed successfully
DEBUG: Script starting...
DEBUG: Received message: {'url': 'chrome://extensions/?errors=bfhgdjhbefbelcgkhepkmajaccbamikj'}
DEBUG: No Chrome message, showing inputbox for first column
DEBUG: Showing inputbox for second column
DEBUG: Second value: , Checkbox: False, New edit: 
DEBUG: Saving to ODS: text=Fill, second=, date=02.06.2025, url=chrome://extensions/?errors=bfhgdjhbefbelcgkhepkmajaccbamikj, checkbox=False, image_src=
DEBUG: Successfully saved to ODS
DEBUG: Sending response to Chrome
DEBUG: Response sent successfully
DEBUG: Script completed successfully
